[debug] [2017-09-18T13:26:38.076Z] ----------------------------------------------------------------------
[debug] [2017-09-18T13:26:38.078Z] Command:       /usr/bin/node /usr/bin/firebase deploy
[debug] [2017-09-18T13:26:38.078Z] CLI Version:   3.11.0
[debug] [2017-09-18T13:26:38.079Z] Platform:      linux
[debug] [2017-09-18T13:26:38.079Z] Node Version:  v8.5.0
[debug] [2017-09-18T13:26:38.079Z] Time:          Mon Sep 18 2017 16:26:38 GMT+0300 (EEST)
[debug] [2017-09-18T13:26:38.079Z] ----------------------------------------------------------------------
[debug] 
[debug] [2017-09-18T13:26:38.091Z] > command requires scopes: ["email","openid","https://www.googleapis.com/auth/cloudplatformprojects.readonly","https://www.googleapis.com/auth/firebase","https://www.googleapis.com/auth/cloud-platform"]
[debug] [2017-09-18T13:26:38.091Z] > authorizing via signed-in user
[debug] [2017-09-18T13:26:38.093Z] > refreshing access token with scopes: ["email","https://www.googleapis.com/auth/cloud-platform","https://www.googleapis.com/auth/cloudplatformprojects.readonly","https://www.googleapis.com/auth/firebase","openid"]
[debug] [2017-09-18T13:26:38.093Z] >>> HTTP REQUEST POST https://www.googleapis.com/oauth2/v3/token { refresh_token: '1/cDVrOteo3fGrE5rxX_uqVsJnA6I33Txr82xhIx83Oio',
  client_id: '563584335869-fgrhgmd47bqnekij5i8b5pr03ho849e6.apps.googleusercontent.com',
  client_secret: 'j9iVZfS8kkCEFUPaAeJV0sAi',
  grant_type: 'refresh_token',
  scope: 'email https://www.googleapis.com/auth/cloud-platform https://www.googleapis.com/auth/cloudplatformprojects.readonly https://www.googleapis.com/auth/firebase openid' } 
 Mon Sep 18 2017 16:26:38 GMT+0300 (EEST)
[debug] [2017-09-18T13:26:38.261Z] <<< HTTP RESPONSE 200
[debug] [2017-09-18T13:26:38.268Z] >>> HTTP REQUEST GET https://admin.firebase.com/v1/projects/authentication-1665b  
 Mon Sep 18 2017 16:26:38 GMT+0300 (EEST)
[debug] [2017-09-18T13:26:38.941Z] <<< HTTP RESPONSE 200
[debug] [2017-09-18T13:26:38.942Z] >>> HTTP REQUEST GET https://admin.firebase.com/v1/database/authentication-1665b/tokens  
 Mon Sep 18 2017 16:26:38 GMT+0300 (EEST)
[debug] [2017-09-18T13:26:39.677Z] <<< HTTP RESPONSE 200
[info] 
[info] === Deploying to 'authentication-1665b'...
[info] 
[info] i  deploying database, functions, hosting
[info] ✔  database: rules ready to deploy.
[debug] [2017-09-18T13:26:41.027Z] > [functions] package.json contents: {
  "name": "functions",
  "description": "Cloud Functions for Firebase",
  "dependencies": {
    "firebase-admin": "~5.2.1",
    "firebase-functions": "^0.6.2"
  },
  "private": true
}
[info] i  functions: ensuring necessary APIs are enabled...
[info] i  runtimeconfig: ensuring necessary APIs are enabled...
[debug] [2017-09-18T13:26:41.029Z] >>> HTTP REQUEST GET https://servicemanagement.googleapis.com/v1/services/cloudfunctions.googleapis.com/projectSettings/authentication-1665b?view=CONSUMER_VIEW  
 Mon Sep 18 2017 16:26:41 GMT+0300 (EEST)
[debug] [2017-09-18T13:26:41.030Z] >>> HTTP REQUEST GET https://servicemanagement.googleapis.com/v1/services/runtimeconfig.googleapis.com/projectSettings/authentication-1665b?view=CONSUMER_VIEW  
 Mon Sep 18 2017 16:26:41 GMT+0300 (EEST)
[debug] [2017-09-18T13:26:42.257Z] <<< HTTP RESPONSE 200
[warn] ⚠  runtimeconfig: missing necessary APIs. Enabling now...
[debug] [2017-09-18T13:26:42.259Z] >>> HTTP REQUEST PATCH https://servicemanagement.googleapis.com/v1/services/runtimeconfig.googleapis.com/projectSettings/authentication-1665b?updateMask=usageSettings { usageSettings: { consumerEnableStatus: 'ENABLED' } } 
 Mon Sep 18 2017 16:26:42 GMT+0300 (EEST)
[debug] [2017-09-18T13:26:42.282Z] <<< HTTP RESPONSE 200
[warn] ⚠  functions: missing necessary APIs. Enabling now...
[debug] [2017-09-18T13:26:42.283Z] >>> HTTP REQUEST PATCH https://servicemanagement.googleapis.com/v1/services/cloudfunctions.googleapis.com/projectSettings/authentication-1665b?updateMask=usageSettings { usageSettings: { consumerEnableStatus: 'ENABLED' } } 
 Mon Sep 18 2017 16:26:42 GMT+0300 (EEST)
[debug] [2017-09-18T13:26:44.342Z] <<< HTTP RESPONSE 200
[debug] [2017-09-18T13:26:44.767Z] <<< HTTP RESPONSE 200
[debug] [2017-09-18T13:26:54.348Z] >>> HTTP REQUEST GET https://servicemanagement.googleapis.com/v1/services/runtimeconfig.googleapis.com/projectSettings/authentication-1665b?view=CONSUMER_VIEW  
 Mon Sep 18 2017 16:26:54 GMT+0300 (EEST)
[debug] [2017-09-18T13:26:54.768Z] >>> HTTP REQUEST GET https://servicemanagement.googleapis.com/v1/services/cloudfunctions.googleapis.com/projectSettings/authentication-1665b?view=CONSUMER_VIEW  
 Mon Sep 18 2017 16:26:54 GMT+0300 (EEST)
[debug] [2017-09-18T13:26:55.573Z] <<< HTTP RESPONSE 200
[info] ✔  runtimeconfig: all necessary APIs are enabled
[debug] [2017-09-18T13:26:56.047Z] <<< HTTP RESPONSE 200
[info] i  functions: waiting for APIs to activate...
[debug] [2017-09-18T13:27:06.056Z] >>> HTTP REQUEST GET https://servicemanagement.googleapis.com/v1/services/cloudfunctions.googleapis.com/projectSettings/authentication-1665b?view=CONSUMER_VIEW  
 Mon Sep 18 2017 16:27:06 GMT+0300 (EEST)
[debug] [2017-09-18T13:27:07.229Z] <<< HTTP RESPONSE 200
[info] i  functions: waiting for APIs to activate...
[debug] [2017-09-18T13:27:17.237Z] >>> HTTP REQUEST GET https://servicemanagement.googleapis.com/v1/services/cloudfunctions.googleapis.com/projectSettings/authentication-1665b?view=CONSUMER_VIEW  
 Mon Sep 18 2017 16:27:17 GMT+0300 (EEST)
[debug] [2017-09-18T13:27:19.014Z] <<< HTTP RESPONSE 200
[info] i  functions: waiting for APIs to activate...
[debug] [2017-09-18T13:27:29.018Z] >>> HTTP REQUEST GET https://servicemanagement.googleapis.com/v1/services/cloudfunctions.googleapis.com/projectSettings/authentication-1665b?view=CONSUMER_VIEW  
 Mon Sep 18 2017 16:27:29 GMT+0300 (EEST)
[debug] [2017-09-18T13:27:30.272Z] <<< HTTP RESPONSE 200
[info] i  functions: waiting for APIs to activate...
[debug] [2017-09-18T13:27:40.283Z] >>> HTTP REQUEST GET https://servicemanagement.googleapis.com/v1/services/cloudfunctions.googleapis.com/projectSettings/authentication-1665b?view=CONSUMER_VIEW  
 Mon Sep 18 2017 16:27:40 GMT+0300 (EEST)
[debug] [2017-09-18T13:27:41.505Z] <<< HTTP RESPONSE 200
[info] i  functions: waiting for APIs to activate...
[debug] [2017-09-18T13:27:51.516Z] >>> HTTP REQUEST GET https://servicemanagement.googleapis.com/v1/services/cloudfunctions.googleapis.com/projectSettings/authentication-1665b?view=CONSUMER_VIEW  
 Mon Sep 18 2017 16:27:51 GMT+0300 (EEST)
[debug] [2017-09-18T13:27:52.647Z] <<< HTTP RESPONSE 200
[info] i  functions: waiting for APIs to activate...
[debug] [2017-09-18T13:28:02.651Z] >>> HTTP REQUEST GET https://servicemanagement.googleapis.com/v1/services/cloudfunctions.googleapis.com/projectSettings/authentication-1665b?view=CONSUMER_VIEW  
 Mon Sep 18 2017 16:28:02 GMT+0300 (EEST)
[debug] [2017-09-18T13:28:03.741Z] <<< HTTP RESPONSE 200
[info] i  functions: waiting for APIs to activate...
[debug] [2017-09-18T13:28:13.745Z] >>> HTTP REQUEST GET https://servicemanagement.googleapis.com/v1/services/cloudfunctions.googleapis.com/projectSettings/authentication-1665b?view=CONSUMER_VIEW  
 Mon Sep 18 2017 16:28:13 GMT+0300 (EEST)
[debug] [2017-09-18T13:28:14.918Z] <<< HTTP RESPONSE 200
[info] i  functions: waiting for APIs to activate...
[debug] [2017-09-18T13:28:24.929Z] >>> HTTP REQUEST GET https://servicemanagement.googleapis.com/v1/services/cloudfunctions.googleapis.com/projectSettings/authentication-1665b?view=CONSUMER_VIEW  
 Mon Sep 18 2017 16:28:24 GMT+0300 (EEST)
[debug] [2017-09-18T13:28:26.135Z] <<< HTTP RESPONSE 200
[info] i  functions: waiting for APIs to activate...
[debug] [2017-09-18T13:28:36.147Z] >>> HTTP REQUEST GET https://servicemanagement.googleapis.com/v1/services/cloudfunctions.googleapis.com/projectSettings/authentication-1665b?view=CONSUMER_VIEW  
 Mon Sep 18 2017 16:28:36 GMT+0300 (EEST)
[debug] [2017-09-18T13:28:36.799Z] <<< HTTP RESPONSE 200
[info] i  functions: waiting for APIs to activate...
[debug] [2017-09-18T13:28:46.806Z] >>> HTTP REQUEST GET https://servicemanagement.googleapis.com/v1/services/cloudfunctions.googleapis.com/projectSettings/authentication-1665b?view=CONSUMER_VIEW  
 Mon Sep 18 2017 16:28:46 GMT+0300 (EEST)
[debug] [2017-09-18T13:28:47.961Z] <<< HTTP RESPONSE 200
[info] i  functions: waiting for APIs to activate...
[debug] [2017-09-18T13:28:57.964Z] >>> HTTP REQUEST GET https://servicemanagement.googleapis.com/v1/services/cloudfunctions.googleapis.com/projectSettings/authentication-1665b?view=CONSUMER_VIEW  
 Mon Sep 18 2017 16:28:57 GMT+0300 (EEST)
[debug] [2017-09-18T13:28:59.112Z] <<< HTTP RESPONSE 200
[info] i  functions: waiting for APIs to activate...
[debug] [2017-09-18T13:29:09.122Z] >>> HTTP REQUEST GET https://servicemanagement.googleapis.com/v1/services/cloudfunctions.googleapis.com/projectSettings/authentication-1665b?view=CONSUMER_VIEW  
 Mon Sep 18 2017 16:29:09 GMT+0300 (EEST)
[debug] [2017-09-18T13:29:10.266Z] <<< HTTP RESPONSE 200
[info] i  functions: waiting for APIs to activate...
[debug] [2017-09-18T13:29:10.267Z] >>> HTTP REQUEST PATCH https://servicemanagement.googleapis.com/v1/services/cloudfunctions.googleapis.com/projectSettings/authentication-1665b?updateMask=usageSettings { usageSettings: { consumerEnableStatus: 'ENABLED' } } 
 Mon Sep 18 2017 16:29:10 GMT+0300 (EEST)
[debug] [2017-09-18T13:29:12.682Z] <<< HTTP RESPONSE 200
[debug] [2017-09-18T13:29:22.691Z] >>> HTTP REQUEST GET https://servicemanagement.googleapis.com/v1/services/cloudfunctions.googleapis.com/projectSettings/authentication-1665b?view=CONSUMER_VIEW  
 Mon Sep 18 2017 16:29:22 GMT+0300 (EEST)
[debug] [2017-09-18T13:29:23.840Z] <<< HTTP RESPONSE 200
[info] i  functions: waiting for APIs to activate...
[debug] [2017-09-18T13:29:33.845Z] >>> HTTP REQUEST GET https://servicemanagement.googleapis.com/v1/services/cloudfunctions.googleapis.com/projectSettings/authentication-1665b?view=CONSUMER_VIEW  
 Mon Sep 18 2017 16:29:33 GMT+0300 (EEST)
[debug] [2017-09-18T13:29:35.052Z] <<< HTTP RESPONSE 200
[info] i  functions: waiting for APIs to activate...
[debug] [2017-09-18T13:29:45.057Z] >>> HTTP REQUEST GET https://servicemanagement.googleapis.com/v1/services/cloudfunctions.googleapis.com/projectSettings/authentication-1665b?view=CONSUMER_VIEW  
 Mon Sep 18 2017 16:29:45 GMT+0300 (EEST)
[debug] [2017-09-18T13:29:46.228Z] <<< HTTP RESPONSE 200
[info] i  functions: waiting for APIs to activate...
[debug] [2017-09-18T13:29:56.239Z] >>> HTTP REQUEST GET https://servicemanagement.googleapis.com/v1/services/cloudfunctions.googleapis.com/projectSettings/authentication-1665b?view=CONSUMER_VIEW  
 Mon Sep 18 2017 16:29:56 GMT+0300 (EEST)
[debug] [2017-09-18T13:29:57.822Z] <<< HTTP RESPONSE 200
[info] i  functions: waiting for APIs to activate...
[debug] [2017-09-18T13:30:07.830Z] >>> HTTP REQUEST GET https://servicemanagement.googleapis.com/v1/services/cloudfunctions.googleapis.com/projectSettings/authentication-1665b?view=CONSUMER_VIEW  
 Mon Sep 18 2017 16:30:07 GMT+0300 (EEST)
[debug] [2017-09-18T13:30:09.451Z] <<< HTTP RESPONSE 200
[info] i  functions: waiting for APIs to activate...
[debug] [2017-09-18T13:30:19.463Z] >>> HTTP REQUEST GET https://servicemanagement.googleapis.com/v1/services/cloudfunctions.googleapis.com/projectSettings/authentication-1665b?view=CONSUMER_VIEW  
 Mon Sep 18 2017 16:30:19 GMT+0300 (EEST)
[debug] [2017-09-18T13:30:20.604Z] <<< HTTP RESPONSE 200
[info] i  functions: waiting for APIs to activate...
[debug] [2017-09-18T13:30:30.606Z] >>> HTTP REQUEST GET https://servicemanagement.googleapis.com/v1/services/cloudfunctions.googleapis.com/projectSettings/authentication-1665b?view=CONSUMER_VIEW  
 Mon Sep 18 2017 16:30:30 GMT+0300 (EEST)
[debug] [2017-09-18T13:30:31.757Z] <<< HTTP RESPONSE 200
[info] i  functions: waiting for APIs to activate...
[debug] [2017-09-18T13:30:41.767Z] >>> HTTP REQUEST GET https://servicemanagement.googleapis.com/v1/services/cloudfunctions.googleapis.com/projectSettings/authentication-1665b?view=CONSUMER_VIEW  
 Mon Sep 18 2017 16:30:41 GMT+0300 (EEST)
[debug] [2017-09-18T13:30:42.930Z] <<< HTTP RESPONSE 200
[info] i  functions: waiting for APIs to activate...
[debug] [2017-09-18T13:30:52.938Z] >>> HTTP REQUEST GET https://servicemanagement.googleapis.com/v1/services/cloudfunctions.googleapis.com/projectSettings/authentication-1665b?view=CONSUMER_VIEW  
 Mon Sep 18 2017 16:30:52 GMT+0300 (EEST)
[debug] [2017-09-18T13:30:54.153Z] <<< HTTP RESPONSE 200
[info] i  functions: waiting for APIs to activate...
[debug] [2017-09-18T13:31:04.157Z] >>> HTTP REQUEST GET https://servicemanagement.googleapis.com/v1/services/cloudfunctions.googleapis.com/projectSettings/authentication-1665b?view=CONSUMER_VIEW  
 Mon Sep 18 2017 16:31:04 GMT+0300 (EEST)
[debug] [2017-09-18T13:31:05.331Z] <<< HTTP RESPONSE 200
[info] i  functions: waiting for APIs to activate...
[debug] [2017-09-18T13:31:15.333Z] >>> HTTP REQUEST GET https://servicemanagement.googleapis.com/v1/services/cloudfunctions.googleapis.com/projectSettings/authentication-1665b?view=CONSUMER_VIEW  
 Mon Sep 18 2017 16:31:15 GMT+0300 (EEST)
[debug] [2017-09-18T13:31:15.953Z] <<< HTTP RESPONSE 200
[info] i  functions: waiting for APIs to activate...
